{"contracts/ethereum/Interfaces/IStarknetCore.sol":{"l":{},"path":"/Users/orlandothefraser/Code/snapshot/sx-core/contracts/ethereum/Interfaces/IStarknetCore.sol","s":{},"b":{},"f":{},"fnMap":{},"statementMap":{},"branchMap":{}},"contracts/ethereum/StarkNetCommit/StarkNetCommit.sol":{"l":{"38":0,"47":0,"55":0,"56":0,"57":0,"58":0},"path":"/Users/orlandothefraser/Code/snapshot/sx-core/contracts/ethereum/StarkNetCommit/StarkNetCommit.sol","s":{"1":0,"2":0},"b":{"1":[0,0]},"f":{"1":0,"2":0,"3":0},"fnMap":{"1":{"name":"constructor","line":37,"loc":{"start":{"line":37,"column":2},"end":{"line":39,"column":2}}},"2":{"name":"setAuth","line":46,"loc":{"start":{"line":46,"column":2},"end":{"line":48,"column":2}}},"3":{"name":"commit","line":54,"loc":{"start":{"line":54,"column":2},"end":{"line":59,"column":2}}}},"statementMap":{"1":{"start":{"line":55,"column":4},"end":{"line":55,"column":47}},"2":{"start":{"line":58,"column":4},"end":{"line":58,"column":88}}},"branchMap":{"1":{"line":46,"type":"if","locations":[{"start":{"line":46,"column":64},"end":{"line":46,"column":64}},{"start":{"line":46,"column":64},"end":{"line":46,"column":64}}]}}},"contracts/ethereum/TestContracts/IStarknetMessaging.sol":{"l":{},"path":"/Users/orlandothefraser/Code/snapshot/sx-core/contracts/ethereum/TestContracts/IStarknetMessaging.sol","s":{},"b":{},"f":{},"fnMap":{},"statementMap":{},"branchMap":{}},"contracts/ethereum/TestContracts/MockStarknetMessaging.sol":{"l":{"15":0,"18":0,"31":0,"35":0,"36":0},"path":"/Users/orlandothefraser/Code/snapshot/sx-core/contracts/ethereum/TestContracts/MockStarknetMessaging.sol","s":{"1":0,"2":0,"3":0},"b":{"1":[0,0]},"f":{"1":0,"2":0},"fnMap":{"1":{"name":"mockSendMessageFromL2","line":10,"loc":{"start":{"line":10,"column":2},"end":{"line":19,"column":2}}},"2":{"name":"mockConsumeMessageToL2","line":24,"loc":{"start":{"line":24,"column":2},"end":{"line":37,"column":2}}}},"statementMap":{"1":{"start":{"line":15,"column":4},"end":{"line":15,"column":344}},"2":{"start":{"line":31,"column":4},"end":{"line":31,"column":736}},"3":{"start":{"line":35,"column":4},"end":{"line":35,"column":71}}},"branchMap":{"1":{"line":35,"type":"if","locations":[{"start":{"line":35,"column":4},"end":{"line":35,"column":4}},{"start":{"line":35,"column":4},"end":{"line":35,"column":4}}]}}},"contracts/ethereum/TestContracts/NamedStorage.sol":{"l":{"14":0,"15":0,"25":0,"26":0,"36":0,"37":0,"43":0,"44":0,"50":0,"51":0,"57":0,"58":0,"62":0,"63":0,"69":0,"70":0,"76":0,"77":0,"81":0,"82":0,"88":0,"89":0},"path":"/Users/orlandothefraser/Code/snapshot/sx-core/contracts/ethereum/TestContracts/NamedStorage.sol","s":{"1":0,"2":0,"3":0,"4":0,"5":0,"6":0,"7":0,"8":0,"9":0,"10":0,"11":0,"12":0,"13":0},"b":{"1":[0,0],"2":[0,0]},"f":{"1":0,"2":0,"3":0,"4":0,"5":0,"6":0,"7":0,"8":0,"9":0,"10":0,"11":0},"fnMap":{"1":{"name":"bytes32ToUint256Mapping","line":9,"loc":{"start":{"line":9,"column":2},"end":{"line":18,"column":2}}},"2":{"name":"bytes32ToAddressMapping","line":20,"loc":{"start":{"line":20,"column":2},"end":{"line":29,"column":2}}},"3":{"name":"addressToBoolMapping","line":31,"loc":{"start":{"line":31,"column":2},"end":{"line":40,"column":2}}},"4":{"name":"getUintValue","line":42,"loc":{"start":{"line":42,"column":2},"end":{"line":47,"column":2}}},"5":{"name":"setUintValue","line":49,"loc":{"start":{"line":49,"column":2},"end":{"line":54,"column":2}}},"6":{"name":"setUintValueOnce","line":56,"loc":{"start":{"line":56,"column":2},"end":{"line":59,"column":2}}},"7":{"name":"getAddressValue","line":61,"loc":{"start":{"line":61,"column":2},"end":{"line":66,"column":2}}},"8":{"name":"setAddressValue","line":68,"loc":{"start":{"line":68,"column":2},"end":{"line":73,"column":2}}},"9":{"name":"setAddressValueOnce","line":75,"loc":{"start":{"line":75,"column":2},"end":{"line":78,"column":2}}},"10":{"name":"getBoolValue","line":80,"loc":{"start":{"line":80,"column":2},"end":{"line":85,"column":2}}},"11":{"name":"setBoolValue","line":87,"loc":{"start":{"line":87,"column":2},"end":{"line":92,"column":2}}}},"statementMap":{"1":{"start":{"line":14,"column":4},"end":{"line":14,"column":56}},"2":{"start":{"line":25,"column":4},"end":{"line":25,"column":56}},"3":{"start":{"line":36,"column":4},"end":{"line":36,"column":56}},"4":{"start":{"line":43,"column":4},"end":{"line":43,"column":52}},"5":{"start":{"line":50,"column":4},"end":{"line":50,"column":52}},"6":{"start":{"line":57,"column":4},"end":{"line":57,"column":50}},"7":{"start":{"line":58,"column":4},"end":{"line":58,"column":28}},"8":{"start":{"line":62,"column":4},"end":{"line":62,"column":52}},"9":{"start":{"line":69,"column":4},"end":{"line":69,"column":52}},"10":{"start":{"line":76,"column":4},"end":{"line":76,"column":64}},"11":{"start":{"line":77,"column":4},"end":{"line":77,"column":31}},"12":{"start":{"line":81,"column":4},"end":{"line":81,"column":52}},"13":{"start":{"line":88,"column":4},"end":{"line":88,"column":52}}},"branchMap":{"1":{"line":57,"type":"if","locations":[{"start":{"line":57,"column":4},"end":{"line":57,"column":4}},{"start":{"line":57,"column":4},"end":{"line":57,"column":4}}]},"2":{"line":76,"type":"if","locations":[{"start":{"line":76,"column":4},"end":{"line":76,"column":4}},{"start":{"line":76,"column":4},"end":{"line":76,"column":4}}]}}},"contracts/ethereum/TestContracts/StarknetMessaging.sol":{"l":{"22":0,"26":0,"30":0,"34":0,"38":0,"49":0,"50":0,"51":0,"52":0,"62":0,"64":0,"76":0,"80":0,"81":0,"82":0,"83":0},"path":"/Users/orlandothefraser/Code/snapshot/sx-core/contracts/ethereum/TestContracts/StarknetMessaging.sol","s":{"1":0,"2":0,"3":0,"4":0,"5":0,"6":0,"7":0,"8":0,"9":0,"10":0,"11":0,"12":0,"13":0,"14":0},"b":{"1":[0,0]},"f":{"1":0,"2":0,"3":0,"4":0,"5":0,"6":0,"7":0},"fnMap":{"1":{"name":"l1ToL2Messages","line":21,"loc":{"start":{"line":21,"column":2},"end":{"line":23,"column":2}}},"2":{"name":"l2ToL1Messages","line":25,"loc":{"start":{"line":25,"column":2},"end":{"line":27,"column":2}}},"3":{"name":"l1ToL2Messages","line":29,"loc":{"start":{"line":29,"column":2},"end":{"line":31,"column":2}}},"4":{"name":"l2ToL1Messages","line":33,"loc":{"start":{"line":33,"column":2},"end":{"line":35,"column":2}}},"5":{"name":"l1ToL2MessageNonce","line":37,"loc":{"start":{"line":37,"column":2},"end":{"line":39,"column":2}}},"6":{"name":"sendMessageToL2","line":44,"loc":{"start":{"line":44,"column":2},"end":{"line":65,"column":2}}},"7":{"name":"consumeMessageFromL2","line":71,"loc":{"start":{"line":71,"column":2},"end":{"line":84,"column":2}}}},"statementMap":{"1":{"start":{"line":22,"column":4},"end":{"line":22,"column":36}},"2":{"start":{"line":26,"column":4},"end":{"line":26,"column":36}},"3":{"start":{"line":30,"column":4},"end":{"line":30,"column":69}},"4":{"start":{"line":34,"column":4},"end":{"line":34,"column":69}},"5":{"start":{"line":38,"column":4},"end":{"line":38,"column":60}},"6":{"start":{"line":49,"column":4},"end":{"line":49,"column":40}},"7":{"start":{"line":50,"column":4},"end":{"line":50,"column":63}},"8":{"start":{"line":51,"column":4},"end":{"line":51,"column":73}},"9":{"start":{"line":52,"column":4},"end":{"line":52,"column":1835}},"10":{"start":{"line":64,"column":4},"end":{"line":64,"column":18}},"11":{"start":{"line":76,"column":4},"end":{"line":76,"column":2355}},"12":{"start":{"line":80,"column":4},"end":{"line":80,"column":71}},"13":{"start":{"line":81,"column":4},"end":{"line":81,"column":63}},"14":{"start":{"line":83,"column":4},"end":{"line":83,"column":18}}},"branchMap":{"1":{"line":80,"type":"if","locations":[{"start":{"line":80,"column":4},"end":{"line":80,"column":4}},{"start":{"line":80,"column":4},"end":{"line":80,"column":4}}]}}},"contracts/ethereum/ZodiacModule/deps.sol":{"l":{},"path":"/Users/orlandothefraser/Code/snapshot/sx-core/contracts/ethereum/ZodiacModule/deps.sol","s":{},"b":{},"f":{},"fnMap":{},"statementMap":{},"branchMap":{}},"contracts/ethereum/ZodiacModule/ProposalRelayer.sol":{"l":{"45":84,"46":84,"54":1,"55":1,"70":0,"71":0,"72":0,"73":0,"74":0,"77":0},"path":"/Users/orlandothefraser/Code/snapshot/sx-core/contracts/ethereum/ZodiacModule/ProposalRelayer.sol","s":{"1":1,"2":0,"3":0},"b":{"1":[1,0]},"f":{"1":84,"2":1,"3":0},"fnMap":{"1":{"name":"setUpSnapshotXProposalRelayer","line":42,"loc":{"start":{"line":42,"column":2},"end":{"line":47,"column":2}}},"2":{"name":"changeL2ExecutionRelayer","line":53,"loc":{"start":{"line":53,"column":2},"end":{"line":56,"column":2}}},"3":{"name":"_receiveFinalizedProposal","line":64,"loc":{"start":{"line":64,"column":2},"end":{"line":78,"column":2}}}},"statementMap":{"1":{"start":{"line":55,"column":4},"end":{"line":55,"column":55}},"2":{"start":{"line":70,"column":4},"end":{"line":70,"column":47}},"3":{"start":{"line":77,"column":4},"end":{"line":77,"column":65}}},"branchMap":{"1":{"line":53,"type":"if","locations":[{"start":{"line":53,"column":72},"end":{"line":53,"column":72}},{"start":{"line":53,"column":72},"end":{"line":53,"column":72}}]}}},"contracts/ethereum/ZodiacModule/SnapshotXL1Executor.sol":{"l":{"115":63,"123":63,"131":84,"139":84,"140":84,"141":84,"142":84,"143":84,"145":84,"146":21,"149":84,"168":1,"169":1,"173":1,"174":1,"225":13,"226":13,"227":13,"235":2,"250":2,"252":2,"253":2,"272":13,"276":12,"277":12,"283":10,"284":10,"285":10,"286":10,"287":4,"306":2,"307":4,"318":36,"319":36,"320":2,"322":1,"324":9,"326":24,"336":1,"337":1,"347":4,"348":4,"349":4,"363":4,"364":4,"365":4,"383":13,"384":13,"385":13,"388":13,"406":13},"path":"/Users/orlandothefraser/Code/snapshot/sx-core/contracts/ethereum/ZodiacModule/SnapshotXL1Executor.sol","s":{"1":63,"2":63,"3":84,"4":84,"5":84,"6":84,"7":84,"8":84,"9":1,"10":1,"11":13,"12":2,"13":2,"14":13,"15":12,"16":12,"17":10,"18":10,"19":10,"20":4,"21":2,"22":4,"23":36,"24":36,"25":2,"26":34,"27":1,"28":33,"29":9,"30":24,"31":1,"32":1,"33":4,"34":4,"35":4,"36":4,"37":4,"38":4,"39":13,"40":13,"41":13,"42":13,"43":13},"b":{"1":[84,0],"2":[1,0],"3":[2,1],"4":[12,1],"5":[10,2],"6":[10,0],"7":[4,6],"8":[2,34],"9":[1,33],"10":[9,24],"11":[1,0],"12":[4,0],"13":[4,0],"14":[4,0],"15":[4,0]},"f":{"1":63,"2":84,"3":1,"4":13,"5":2,"6":13,"7":2,"8":36,"9":1,"10":4,"11":4,"12":13,"13":13},"fnMap":{"1":{"name":"constructor","line":107,"loc":{"start":{"line":107,"column":2},"end":{"line":124,"column":2}}},"2":{"name":"setUp","line":130,"loc":{"start":{"line":130,"column":2},"end":{"line":157,"column":2}}},"3":{"name":"editWhitelist","line":166,"loc":{"start":{"line":166,"column":2},"end":{"line":176,"column":2}}},"4":{"name":"receiveProposalTest","line":215,"loc":{"start":{"line":215,"column":2},"end":{"line":228,"column":2}}},"5":{"name":"cancelProposals","line":234,"loc":{"start":{"line":234,"column":2},"end":{"line":255,"column":2}}},"6":{"name":"executeProposalTx","line":265,"loc":{"start":{"line":265,"column":2},"end":{"line":289,"column":2}}},"7":{"name":"executeProposalTxBatch","line":299,"loc":{"start":{"line":299,"column":2},"end":{"line":309,"column":2}}},"8":{"name":"getProposalState","line":317,"loc":{"start":{"line":317,"column":2},"end":{"line":328,"column":2}}},"9":{"name":"getNumOfTxInProposal","line":335,"loc":{"start":{"line":335,"column":2},"end":{"line":338,"column":2}}},"10":{"name":"getTxHash","line":346,"loc":{"start":{"line":346,"column":2},"end":{"line":350,"column":2}}},"11":{"name":"isTxExecuted","line":358,"loc":{"start":{"line":358,"column":2},"end":{"line":366,"column":2}}},"12":{"name":"generateTransactionHashData","line":376,"loc":{"start":{"line":376,"column":2},"end":{"line":389,"column":2}}},"13":{"name":"getTransactionHash","line":399,"loc":{"start":{"line":399,"column":2},"end":{"line":407,"column":2}}}},"statementMap":{"1":{"start":{"line":115,"column":4},"end":{"line":115,"column":4327}},"2":{"start":{"line":123,"column":4},"end":{"line":123,"column":20}},"3":{"start":{"line":131,"column":4},"end":{"line":131,"column":4767}},"4":{"start":{"line":139,"column":4},"end":{"line":139,"column":19}},"5":{"start":{"line":140,"column":4},"end":{"line":140,"column":28}},"6":{"start":{"line":143,"column":4},"end":{"line":143,"column":68}},"7":{"start":{"line":145,"column":4},"end":{"line":145,"column":5124}},"8":{"start":{"line":149,"column":4},"end":{"line":149,"column":5253}},"9":{"start":{"line":168,"column":4},"end":{"line":168,"column":5792}},"10":{"start":{"line":173,"column":4},"end":{"line":173,"column":5926}},"11":{"start":{"line":227,"column":4},"end":{"line":227,"column":40}},"12":{"start":{"line":235,"column":4},"end":{"line":235,"column":8716}},"13":{"start":{"line":253,"column":6},"end":{"line":253,"column":49}},"14":{"start":{"line":272,"column":4},"end":{"line":272,"column":10354}},"15":{"start":{"line":276,"column":4},"end":{"line":276,"column":67}},"16":{"start":{"line":277,"column":4},"end":{"line":277,"column":10553}},"17":{"start":{"line":284,"column":4},"end":{"line":284,"column":73}},"18":{"start":{"line":285,"column":4},"end":{"line":285,"column":52}},"19":{"start":{"line":286,"column":4},"end":{"line":286,"column":10991}},"20":{"start":{"line":287,"column":6},"end":{"line":287,"column":43}},"21":{"start":{"line":306,"column":4},"end":{"line":306,"column":11723}},"22":{"start":{"line":307,"column":6},"end":{"line":307,"column":81}},"23":{"start":{"line":318,"column":4},"end":{"line":318,"column":98}},"24":{"start":{"line":319,"column":4},"end":{"line":319,"column":12172}},"25":{"start":{"line":320,"column":6},"end":{"line":320,"column":38}},"26":{"start":{"line":321,"column":11},"end":{"line":321,"column":12269}},"27":{"start":{"line":322,"column":6},"end":{"line":322,"column":36}},"28":{"start":{"line":323,"column":11},"end":{"line":323,"column":12353}},"29":{"start":{"line":324,"column":6},"end":{"line":324,"column":35}},"30":{"start":{"line":326,"column":6},"end":{"line":326,"column":36}},"31":{"start":{"line":336,"column":4},"end":{"line":336,"column":68}},"32":{"start":{"line":337,"column":4},"end":{"line":337,"column":75}},"33":{"start":{"line":347,"column":4},"end":{"line":347,"column":68}},"34":{"start":{"line":348,"column":4},"end":{"line":348,"column":86}},"35":{"start":{"line":349,"column":4},"end":{"line":349,"column":77}},"36":{"start":{"line":363,"column":4},"end":{"line":363,"column":68}},"37":{"start":{"line":364,"column":4},"end":{"line":364,"column":86}},"38":{"start":{"line":365,"column":4},"end":{"line":365,"column":86}},"39":{"start":{"line":383,"column":4},"end":{"line":383,"column":35}},"40":{"start":{"line":384,"column":4},"end":{"line":384,"column":93}},"41":{"start":{"line":385,"column":4},"end":{"line":385,"column":14759}},"42":{"start":{"line":388,"column":4},"end":{"line":388,"column":89}},"43":{"start":{"line":406,"column":4},"end":{"line":406,"column":80}}},"branchMap":{"1":{"line":130,"type":"if","locations":[{"start":{"line":130,"column":58},"end":{"line":130,"column":58}},{"start":{"line":130,"column":58},"end":{"line":130,"column":58}}]},"2":{"line":166,"type":"if","locations":[{"start":{"line":166,"column":87},"end":{"line":166,"column":87}},{"start":{"line":166,"column":87},"end":{"line":166,"column":87}}]},"3":{"line":234,"type":"if","locations":[{"start":{"line":234,"column":71},"end":{"line":234,"column":71}},{"start":{"line":234,"column":71},"end":{"line":234,"column":71}}]},"4":{"line":272,"type":"if","locations":[{"start":{"line":272,"column":4},"end":{"line":272,"column":4}},{"start":{"line":272,"column":4},"end":{"line":272,"column":4}}]},"5":{"line":277,"type":"if","locations":[{"start":{"line":277,"column":4},"end":{"line":277,"column":4}},{"start":{"line":277,"column":4},"end":{"line":277,"column":4}}]},"6":{"line":284,"type":"if","locations":[{"start":{"line":284,"column":4},"end":{"line":284,"column":4}},{"start":{"line":284,"column":4},"end":{"line":284,"column":4}}]},"7":{"line":286,"type":"if","locations":[{"start":{"line":286,"column":4},"end":{"line":286,"column":4}},{"start":{"line":286,"column":4},"end":{"line":286,"column":4}}]},"8":{"line":319,"type":"if","locations":[{"start":{"line":319,"column":4},"end":{"line":319,"column":4}},{"start":{"line":319,"column":4},"end":{"line":319,"column":4}}]},"9":{"line":321,"type":"if","locations":[{"start":{"line":321,"column":11},"end":{"line":321,"column":11}},{"start":{"line":321,"column":11},"end":{"line":321,"column":11}}]},"10":{"line":323,"type":"if","locations":[{"start":{"line":323,"column":11},"end":{"line":323,"column":11}},{"start":{"line":323,"column":11},"end":{"line":323,"column":11}}]},"11":{"line":336,"type":"if","locations":[{"start":{"line":336,"column":4},"end":{"line":336,"column":4}},{"start":{"line":336,"column":4},"end":{"line":336,"column":4}}]},"12":{"line":347,"type":"if","locations":[{"start":{"line":347,"column":4},"end":{"line":347,"column":4}},{"start":{"line":347,"column":4},"end":{"line":347,"column":4}}]},"13":{"line":348,"type":"if","locations":[{"start":{"line":348,"column":4},"end":{"line":348,"column":4}},{"start":{"line":348,"column":4},"end":{"line":348,"column":4}}]},"14":{"line":363,"type":"if","locations":[{"start":{"line":363,"column":4},"end":{"line":363,"column":4}},{"start":{"line":363,"column":4},"end":{"line":363,"column":4}}]},"15":{"line":364,"type":"if","locations":[{"start":{"line":364,"column":4},"end":{"line":364,"column":4}},{"start":{"line":364,"column":4},"end":{"line":364,"column":4}}]}}},"contracts/starknet/fossil/contracts/ethereum/interfaces/IStarknetCore.sol":{"l":{},"path":"/Users/orlandothefraser/Code/snapshot/sx-core/contracts/starknet/fossil/contracts/ethereum/interfaces/IStarknetCore.sol","s":{},"b":{},"f":{},"fnMap":{},"statementMap":{},"branchMap":{}},"contracts/starknet/fossil/contracts/ethereum/L1MessagesSender.sol":{"l":{"17":0,"18":0,"23":0,"24":0,"25":0,"29":0,"30":0,"34":0,"35":0,"38":0,"39":0,"40":0,"41":0,"42":0,"44":0},"path":"/Users/orlandothefraser/Code/snapshot/sx-core/contracts/starknet/fossil/contracts/ethereum/L1MessagesSender.sol","s":{"1":0,"2":0,"3":0,"4":0,"5":0,"6":0,"7":0,"8":0},"b":{"1":[0,0]},"f":{"1":0,"2":0,"3":0,"4":0},"fnMap":{"1":{"name":"constructor","line":16,"loc":{"start":{"line":16,"column":2},"end":{"line":19,"column":2}}},"2":{"name":"sendExactParentHashToL2","line":22,"loc":{"start":{"line":22,"column":2},"end":{"line":26,"column":2}}},"3":{"name":"sendLatestParentHashToL2","line":28,"loc":{"start":{"line":28,"column":2},"end":{"line":31,"column":2}}},"4":{"name":"_sendBlockHashToL2","line":33,"loc":{"start":{"line":33,"column":2},"end":{"line":45,"column":2}}}},"statementMap":{"1":{"start":{"line":23,"column":4},"end":{"line":23,"column":52}},"2":{"start":{"line":24,"column":4},"end":{"line":24,"column":64}},"3":{"start":{"line":25,"column":4},"end":{"line":25,"column":47}},"4":{"start":{"line":29,"column":4},"end":{"line":29,"column":52}},"5":{"start":{"line":30,"column":4},"end":{"line":30,"column":47}},"6":{"start":{"line":34,"column":4},"end":{"line":34,"column":47}},"7":{"start":{"line":35,"column":4},"end":{"line":35,"column":1240}},"8":{"start":{"line":44,"column":4},"end":{"line":44,"column":87}}},"branchMap":{"1":{"line":24,"type":"if","locations":[{"start":{"line":24,"column":4},"end":{"line":24,"column":4}},{"start":{"line":24,"column":4},"end":{"line":24,"column":4}}]}}},"contracts/starknet/fossil/contracts/ethereum/lib/FormatWords64.sol":{"l":{"15":0},"path":"/Users/orlandothefraser/Code/snapshot/sx-core/contracts/starknet/fossil/contracts/ethereum/lib/FormatWords64.sol","s":{},"b":{},"f":{"1":0},"fnMap":{"1":{"name":"fromBytes32","line":5,"loc":{"start":{"line":5,"column":2},"end":{"line":21,"column":2}}}},"statementMap":{},"branchMap":{}},"contracts/starknet/fossil/contracts/ethereum/lib/RLP.sol":{"l":{"21":0,"23":0,"24":0,"28":0,"35":0,"37":0,"38":0,"40":0,"41":0,"42":0,"43":0,"44":0,"45":0,"55":0,"56":0,"57":0,"61":0,"62":0,"67":0,"68":0,"69":0,"70":0,"71":0,"72":0,"75":0,"80":0,"81":0,"85":0,"88":0,"97":0,"99":0,"111":0,"112":0,"116":0,"118":0,"121":0,"129":0,"131":0,"132":0,"136":0,"137":0,"141":0,"142":0,"143":0,"144":0,"148":0,"153":0,"155":0,"159":0,"160":0,"161":0,"163":0,"164":0,"168":0,"172":0,"173":0,"174":0,"176":0,"177":0,"181":0,"182":0,"196":0,"197":0,"201":0,"202":0,"206":0,"207":0,"208":0,"210":0},"path":"/Users/orlandothefraser/Code/snapshot/sx-core/contracts/starknet/fossil/contracts/ethereum/lib/RLP.sol","s":{"1":0,"2":0,"3":0,"4":0,"5":0,"6":0,"7":0,"8":0,"9":0,"10":0,"11":0,"12":0,"13":0,"14":0,"15":0,"16":0,"17":0,"18":0,"19":0,"20":0,"21":0,"22":0,"23":0,"24":0,"25":0,"26":0,"27":0,"28":0,"29":0,"30":0,"31":0,"32":0,"33":0,"34":0,"35":0,"36":0,"37":0,"38":0,"39":0,"40":0,"41":0,"42":0,"43":0,"44":0,"45":0,"46":0,"47":0,"48":0,"49":0,"50":0,"51":0,"52":0,"53":0,"54":0,"55":0,"56":0,"57":0,"58":0},"b":{"1":[0,0],"2":[0,0],"3":[0,0],"4":[0,0],"5":[0,0],"6":[0,0],"7":[0,0],"8":[0,0],"9":[0,0],"10":[0,0],"11":[0,0],"12":[0,0],"13":[0,0],"14":[0,0]},"f":{"1":0,"2":0,"3":0,"4":0,"5":0,"6":0,"7":0,"8":0,"9":0,"10":0,"11":0,"12":0},"fnMap":{"1":{"name":"toRLPItem","line":20,"loc":{"start":{"line":20,"column":2},"end":{"line":29,"column":2}}},"2":{"name":"toList","line":34,"loc":{"start":{"line":34,"column":2},"end":{"line":47,"column":2}}},"3":{"name":"isList","line":54,"loc":{"start":{"line":54,"column":2},"end":{"line":63,"column":2}}},"4":{"name":"numItems","line":66,"loc":{"start":{"line":66,"column":2},"end":{"line":76,"column":2}}},"5":{"name":"_itemLength","line":79,"loc":{"start":{"line":79,"column":2},"end":{"line":107,"column":2}}},"6":{"name":"_payloadOffset","line":110,"loc":{"start":{"line":110,"column":2},"end":{"line":123,"column":2}}},"7":{"name":"toRLPBytes","line":128,"loc":{"start":{"line":128,"column":2},"end":{"line":138,"column":2}}},"8":{"name":"toBoolean","line":140,"loc":{"start":{"line":140,"column":2},"end":{"line":149,"column":2}}},"9":{"name":"toAddress","line":151,"loc":{"start":{"line":151,"column":2},"end":{"line":156,"column":2}}},"10":{"name":"toUint","line":158,"loc":{"start":{"line":158,"column":2},"end":{"line":169,"column":2}}},"11":{"name":"toBytes","line":171,"loc":{"start":{"line":171,"column":2},"end":{"line":183,"column":2}}},"12":{"name":"copy","line":190,"loc":{"start":{"line":190,"column":2},"end":{"line":215,"column":2}}}},"statementMap":{"1":{"start":{"line":21,"column":4},"end":{"line":21,"column":46}},"2":{"start":{"line":21,"column":26},"end":{"line":21,"column":46}},"3":{"start":{"line":23,"column":4},"end":{"line":23,"column":18}},"4":{"start":{"line":28,"column":4},"end":{"line":28,"column":39}},"5":{"start":{"line":35,"column":4},"end":{"line":35,"column":70}},"6":{"start":{"line":37,"column":4},"end":{"line":37,"column":34}},"7":{"start":{"line":40,"column":4},"end":{"line":40,"column":62}},"8":{"start":{"line":41,"column":4},"end":{"line":41,"column":19}},"9":{"start":{"line":42,"column":4},"end":{"line":42,"column":1022}},"10":{"start":{"line":55,"column":4},"end":{"line":55,"column":15}},"11":{"start":{"line":56,"column":4},"end":{"line":56,"column":32}},"12":{"start":{"line":61,"column":4},"end":{"line":61,"column":46}},"13":{"start":{"line":61,"column":34},"end":{"line":61,"column":46}},"14":{"start":{"line":62,"column":4},"end":{"line":62,"column":15}},"15":{"start":{"line":67,"column":4},"end":{"line":67,"column":21}},"16":{"start":{"line":68,"column":4},"end":{"line":68,"column":63}},"17":{"start":{"line":69,"column":4},"end":{"line":69,"column":43}},"18":{"start":{"line":70,"column":4},"end":{"line":70,"column":1830}},"19":{"start":{"line":75,"column":4},"end":{"line":75,"column":16}},"20":{"start":{"line":80,"column":4},"end":{"line":80,"column":17}},"21":{"start":{"line":85,"column":4},"end":{"line":85,"column":2172}},"22":{"start":{"line":85,"column":36},"end":{"line":85,"column":44}},"23":{"start":{"line":86,"column":9},"end":{"line":86,"column":2223}},"24":{"start":{"line":86,"column":40},"end":{"line":86,"column":77}},"25":{"start":{"line":87,"column":9},"end":{"line":87,"column":2302}},"26":{"start":{"line":96,"column":11},"end":{"line":96,"column":2687}},"27":{"start":{"line":97,"column":6},"end":{"line":97,"column":41}},"28":{"start":{"line":111,"column":4},"end":{"line":111,"column":17}},"29":{"start":{"line":116,"column":4},"end":{"line":116,"column":3287}},"30":{"start":{"line":116,"column":36},"end":{"line":116,"column":44}},"31":{"start":{"line":117,"column":9},"end":{"line":117,"column":3338}},"32":{"start":{"line":118,"column":6},"end":{"line":118,"column":14}},"33":{"start":{"line":119,"column":9},"end":{"line":119,"column":3452}},"34":{"start":{"line":121,"column":6},"end":{"line":121,"column":48}},"35":{"start":{"line":122,"column":9},"end":{"line":122,"column":49}},"36":{"start":{"line":129,"column":4},"end":{"line":129,"column":45}},"37":{"start":{"line":131,"column":4},"end":{"line":131,"column":15}},"38":{"start":{"line":136,"column":4},"end":{"line":136,"column":35}},"39":{"start":{"line":137,"column":4},"end":{"line":137,"column":17}},"40":{"start":{"line":141,"column":4},"end":{"line":141,"column":76}},"41":{"start":{"line":142,"column":4},"end":{"line":142,"column":18}},"42":{"start":{"line":143,"column":4},"end":{"line":143,"column":32}},"43":{"start":{"line":148,"column":4},"end":{"line":148,"column":37}},"44":{"start":{"line":153,"column":4},"end":{"line":153,"column":88}},"45":{"start":{"line":155,"column":4},"end":{"line":155,"column":41}},"46":{"start":{"line":159,"column":4},"end":{"line":159,"column":48}},"47":{"start":{"line":160,"column":4},"end":{"line":160,"column":35}},"48":{"start":{"line":161,"column":4},"end":{"line":161,"column":41}},"49":{"start":{"line":163,"column":4},"end":{"line":163,"column":18}},"50":{"start":{"line":168,"column":4},"end":{"line":168,"column":17}},"51":{"start":{"line":172,"column":4},"end":{"line":172,"column":48}},"52":{"start":{"line":173,"column":4},"end":{"line":173,"column":35}},"53":{"start":{"line":174,"column":4},"end":{"line":174,"column":40}},"54":{"start":{"line":176,"column":4},"end":{"line":176,"column":19}},"55":{"start":{"line":181,"column":4},"end":{"line":181,"column":43}},"56":{"start":{"line":182,"column":4},"end":{"line":182,"column":17}},"57":{"start":{"line":196,"column":4},"end":{"line":196,"column":5512}},"58":{"start":{"line":206,"column":4},"end":{"line":206,"column":16}}},"branchMap":{"1":{"line":21,"type":"if","locations":[{"start":{"line":21,"column":4},"end":{"line":21,"column":4}},{"start":{"line":21,"column":4},"end":{"line":21,"column":4}}]},"2":{"line":35,"type":"if","locations":[{"start":{"line":35,"column":4},"end":{"line":35,"column":4}},{"start":{"line":35,"column":4},"end":{"line":35,"column":4}}]},"3":{"line":61,"type":"if","locations":[{"start":{"line":61,"column":4},"end":{"line":61,"column":4}},{"start":{"line":61,"column":4},"end":{"line":61,"column":4}}]},"4":{"line":85,"type":"if","locations":[{"start":{"line":85,"column":4},"end":{"line":85,"column":4}},{"start":{"line":85,"column":4},"end":{"line":85,"column":4}}]},"5":{"line":86,"type":"if","locations":[{"start":{"line":86,"column":9},"end":{"line":86,"column":9}},{"start":{"line":86,"column":9},"end":{"line":86,"column":9}}]},"6":{"line":87,"type":"if","locations":[{"start":{"line":87,"column":9},"end":{"line":87,"column":9}},{"start":{"line":87,"column":9},"end":{"line":87,"column":9}}]},"7":{"line":96,"type":"if","locations":[{"start":{"line":96,"column":11},"end":{"line":96,"column":11}},{"start":{"line":96,"column":11},"end":{"line":96,"column":11}}]},"8":{"line":116,"type":"if","locations":[{"start":{"line":116,"column":4},"end":{"line":116,"column":4}},{"start":{"line":116,"column":4},"end":{"line":116,"column":4}}]},"9":{"line":117,"type":"if","locations":[{"start":{"line":117,"column":9},"end":{"line":117,"column":9}},{"start":{"line":117,"column":9},"end":{"line":117,"column":9}}]},"10":{"line":117,"type":"cond-expr","locations":[{"start":{"line":117,"column":13},"end":{"line":117,"column":37}},{"start":{"line":117,"column":42},"end":{"line":117,"column":95}}]},"11":{"line":119,"type":"if","locations":[{"start":{"line":119,"column":9},"end":{"line":119,"column":9}},{"start":{"line":119,"column":9},"end":{"line":119,"column":9}}]},"12":{"line":141,"type":"if","locations":[{"start":{"line":141,"column":4},"end":{"line":141,"column":4}},{"start":{"line":141,"column":4},"end":{"line":141,"column":4}}]},"13":{"line":148,"type":"if","locations":[{"start":{"line":148,"column":25},"end":{"line":148,"column":29}},{"start":{"line":148,"column":33},"end":{"line":148,"column":36}}]},"14":{"line":153,"type":"if","locations":[{"start":{"line":153,"column":4},"end":{"line":153,"column":4}},{"start":{"line":153,"column":4},"end":{"line":153,"column":4}}]}}},"contracts/starknet/fossil/contracts/ethereum/mocks/StarknetCoreMock.sol":{"l":{"14":0,"18":0},"path":"/Users/orlandothefraser/Code/snapshot/sx-core/contracts/starknet/fossil/contracts/ethereum/mocks/StarknetCoreMock.sol","s":{"1":0,"2":0},"b":{},"f":{"1":0,"2":0},"fnMap":{"1":{"name":"sendMessageToL2","line":9,"loc":{"start":{"line":9,"column":2},"end":{"line":15,"column":2}}},"2":{"name":"consumeMessageFromL2","line":17,"loc":{"start":{"line":17,"column":2},"end":{"line":19,"column":2}}}},"statementMap":{"1":{"start":{"line":14,"column":4},"end":{"line":14,"column":55}},"2":{"start":{"line":18,"column":4},"end":{"line":18,"column":52}}},"branchMap":{}},"contracts/starknet/fossil/contracts/ethereum/test/TestFormatWords64.sol":{"l":{"17":0},"path":"/Users/orlandothefraser/Code/snapshot/sx-core/contracts/starknet/fossil/contracts/ethereum/test/TestFormatWords64.sol","s":{"1":0},"b":{},"f":{"1":0},"fnMap":{"1":{"name":"fromBytes32","line":7,"loc":{"start":{"line":7,"column":2},"end":{"line":18,"column":2}}}},"statementMap":{"1":{"start":{"line":17,"column":4},"end":{"line":17,"column":43}}},"branchMap":{}},"contracts/starknet/fossil/contracts/ethereum/test/TestTrieProofs.sol":{"l":{"14":0,"15":0,"16":0,"17":0,"18":0,"19":0,"21":0,"25":0,"26":0,"27":0,"35":0,"37":0,"38":0,"39":0,"41":0,"42":0,"44":0,"45":0,"46":0,"48":0,"50":0,"53":0,"61":0,"62":0,"63":0,"64":0,"65":0,"67":0,"69":0,"71":0,"74":0,"76":0,"84":0,"85":0,"86":0,"87":0,"90":0,"94":0,"95":0,"97":0,"108":0,"109":0,"112":0,"114":0,"116":0,"117":0,"119":0,"120":0,"122":0,"124":0,"125":0,"128":0,"132":0,"134":0,"135":0,"137":0,"140":0,"143":0,"159":0,"160":0,"163":0,"164":0,"165":0,"168":0,"169":0,"170":0,"172":0,"177":0,"179":0,"181":0,"182":0,"184":0,"185":0,"188":0,"189":0,"192":0,"194":0,"195":0,"197":0,"200":0,"201":0,"203":0,"210":0},"path":"/Users/orlandothefraser/Code/snapshot/sx-core/contracts/starknet/fossil/contracts/ethereum/test/TestTrieProofs.sol","s":{"1":0,"2":0,"3":0,"4":0,"5":0,"6":0,"7":0,"8":0,"9":0,"10":0,"11":0,"12":0,"13":0,"14":0,"15":0,"16":0,"17":0,"18":0,"19":0,"20":0,"21":0,"22":0,"23":0,"24":0,"25":0,"26":0,"27":0,"28":0,"29":0,"30":0,"31":0,"32":0,"33":0,"34":0,"35":0,"36":0,"37":0,"38":0,"39":0,"40":0,"41":0,"42":0,"43":0,"44":0,"45":0,"46":0,"47":0,"48":0,"49":0,"50":0,"51":0,"52":0,"53":0,"54":0,"55":0,"56":0,"57":0,"58":0,"59":0,"60":0,"61":0},"b":{"1":[0,0],"2":[0,0],"3":[0,0],"4":[0,0],"5":[0,0],"6":[0,0],"7":[0,0],"8":[0,0],"9":[0,0],"10":[0,0],"11":[0,0],"12":[0,0],"13":[0,0],"14":[0,0],"15":[0,0],"16":[0,0],"17":[0,0],"18":[0,0],"19":[0,0],"20":[0,0],"21":[0,0],"22":[0,0],"23":[0,0],"24":[0,0],"25":[0,0],"26":[0,0],"27":[0,0],"28":[0,0],"29":[0,0]},"f":{"1":0,"2":0,"3":0,"4":0,"5":0,"6":0,"7":0},"fnMap":{"1":{"name":"bytes2hex","line":13,"loc":{"start":{"line":13,"column":2},"end":{"line":22,"column":2}}},"2":{"name":"extractNibble","line":24,"loc":{"start":{"line":24,"column":2},"end":{"line":28,"column":2}}},"3":{"name":"decodeNibbles","line":30,"loc":{"start":{"line":30,"column":2},"end":{"line":54,"column":2}}},"4":{"name":"merklePatriciaCompactDecode","line":56,"loc":{"start":{"line":56,"column":2},"end":{"line":77,"column":2}}},"5":{"name":"sharedPrefixLength","line":79,"loc":{"start":{"line":79,"column":2},"end":{"line":91,"column":2}}},"6":{"name":"getNextHash","line":93,"loc":{"start":{"line":93,"column":2},"end":{"line":100,"column":2}}},"7":{"name":"verify","line":102,"loc":{"start":{"line":102,"column":2},"end":{"line":211,"column":2}}}},"statementMap":{"1":{"start":{"line":14,"column":4},"end":{"line":14,"column":51}},"2":{"start":{"line":15,"column":4},"end":{"line":15,"column":444}},"3":{"start":{"line":16,"column":6},"end":{"line":16,"column":51}},"4":{"start":{"line":17,"column":6},"end":{"line":17,"column":44}},"5":{"start":{"line":21,"column":4},"end":{"line":21,"column":23}},"6":{"start":{"line":25,"column":4},"end":{"line":25,"column":52}},"7":{"start":{"line":26,"column":4},"end":{"line":26,"column":93}},"8":{"start":{"line":27,"column":4},"end":{"line":27,"column":46}},"9":{"start":{"line":35,"column":4},"end":{"line":35,"column":51}},"10":{"start":{"line":37,"column":4},"end":{"line":37,"column":39}},"11":{"start":{"line":38,"column":4},"end":{"line":38,"column":66}},"12":{"start":{"line":42,"column":4},"end":{"line":42,"column":29}},"13":{"start":{"line":44,"column":4},"end":{"line":44,"column":1532}},"14":{"start":{"line":45,"column":6},"end":{"line":45,"column":1606}},"15":{"start":{"line":53,"column":4},"end":{"line":53,"column":42}},"16":{"start":{"line":61,"column":4},"end":{"line":61,"column":51}},"17":{"start":{"line":62,"column":4},"end":{"line":62,"column":57}},"18":{"start":{"line":63,"column":4},"end":{"line":63,"column":23}},"19":{"start":{"line":64,"column":4},"end":{"line":64,"column":2144}},"20":{"start":{"line":66,"column":11},"end":{"line":66,"column":2203}},"21":{"start":{"line":68,"column":11},"end":{"line":68,"column":2262}},"22":{"start":{"line":70,"column":11},"end":{"line":70,"column":2321}},"23":{"start":{"line":74,"column":6},"end":{"line":74,"column":13}},"24":{"start":{"line":76,"column":4},"end":{"line":76,"column":46}},"25":{"start":{"line":84,"column":4},"end":{"line":84,"column":17}},"26":{"start":{"line":85,"column":4},"end":{"line":85,"column":2643}},"27":{"start":{"line":86,"column":6},"end":{"line":86,"column":2713}},"28":{"start":{"line":87,"column":8},"end":{"line":87,"column":16}},"29":{"start":{"line":90,"column":4},"end":{"line":90,"column":12}},"30":{"start":{"line":94,"column":4},"end":{"line":94,"column":47}},"31":{"start":{"line":95,"column":4},"end":{"line":95,"column":54}},"32":{"start":{"line":108,"column":4},"end":{"line":108,"column":37}},"33":{"start":{"line":114,"column":4},"end":{"line":114,"column":62}},"34":{"start":{"line":116,"column":4},"end":{"line":116,"column":22}},"35":{"start":{"line":117,"column":4},"end":{"line":117,"column":31}},"36":{"start":{"line":119,"column":4},"end":{"line":119,"column":26}},"37":{"start":{"line":120,"column":4},"end":{"line":120,"column":20}},"38":{"start":{"line":122,"column":4},"end":{"line":122,"column":3699}},"39":{"start":{"line":124,"column":6},"end":{"line":124,"column":65}},"40":{"start":{"line":125,"column":6},"end":{"line":125,"column":25}},"41":{"start":{"line":128,"column":4},"end":{"line":128,"column":3866}},"42":{"start":{"line":132,"column":6},"end":{"line":132,"column":50}},"43":{"start":{"line":134,"column":6},"end":{"line":134,"column":4179}},"44":{"start":{"line":135,"column":8},"end":{"line":135,"column":70}},"45":{"start":{"line":137,"column":8},"end":{"line":137,"column":58}},"46":{"start":{"line":140,"column":6},"end":{"line":140,"column":51}},"47":{"start":{"line":143,"column":6},"end":{"line":143,"column":4443}},"48":{"start":{"line":159,"column":8},"end":{"line":159,"column":78}},"49":{"start":{"line":163,"column":8},"end":{"line":163,"column":5342}},"50":{"start":{"line":164,"column":10},"end":{"line":164,"column":48}},"51":{"start":{"line":165,"column":10},"end":{"line":165,"column":34}},"52":{"start":{"line":169,"column":10},"end":{"line":169,"column":5592}},"53":{"start":{"line":177,"column":8},"end":{"line":177,"column":56}},"54":{"start":{"line":179,"column":8},"end":{"line":179,"column":5890}},"55":{"start":{"line":181,"column":10},"end":{"line":181,"column":6003}},"56":{"start":{"line":182,"column":12},"end":{"line":182,"column":37}},"57":{"start":{"line":188,"column":12},"end":{"line":188,"column":77}},"58":{"start":{"line":189,"column":12},"end":{"line":189,"column":31}},"59":{"start":{"line":192,"column":10},"end":{"line":192,"column":81}},"60":{"start":{"line":200,"column":10},"end":{"line":200,"column":6696}},"61":{"start":{"line":210,"column":4},"end":{"line":210,"column":16}}},"branchMap":{"1":{"line":18,"type":"if","locations":[{"start":{"line":18,"column":34},"end":{"line":18,"column":60}},{"start":{"line":18,"column":64},"end":{"line":18,"column":90}}]},"2":{"line":19,"type":"if","locations":[{"start":{"line":19,"column":38},"end":{"line":19,"column":64}},{"start":{"line":19,"column":68},"end":{"line":19,"column":94}}]},"3":{"line":25,"type":"if","locations":[{"start":{"line":25,"column":4},"end":{"line":25,"column":4}},{"start":{"line":25,"column":4},"end":{"line":25,"column":4}}]},"4":{"line":26,"type":"if","locations":[{"start":{"line":26,"column":37},"end":{"line":26,"column":53}},{"start":{"line":26,"column":57},"end":{"line":26,"column":92}}]},"5":{"line":35,"type":"if","locations":[{"start":{"line":35,"column":4},"end":{"line":35,"column":4}},{"start":{"line":35,"column":4},"end":{"line":35,"column":4}}]},"6":{"line":38,"type":"if","locations":[{"start":{"line":38,"column":4},"end":{"line":38,"column":4}},{"start":{"line":38,"column":4},"end":{"line":38,"column":4}}]},"7":{"line":45,"type":"if","locations":[{"start":{"line":45,"column":6},"end":{"line":45,"column":6}},{"start":{"line":45,"column":6},"end":{"line":45,"column":6}}]},"8":{"line":61,"type":"if","locations":[{"start":{"line":61,"column":4},"end":{"line":61,"column":4}},{"start":{"line":61,"column":4},"end":{"line":61,"column":4}}]},"9":{"line":64,"type":"if","locations":[{"start":{"line":64,"column":4},"end":{"line":64,"column":4}},{"start":{"line":64,"column":4},"end":{"line":64,"column":4}}]},"10":{"line":66,"type":"if","locations":[{"start":{"line":66,"column":11},"end":{"line":66,"column":11}},{"start":{"line":66,"column":11},"end":{"line":66,"column":11}}]},"11":{"line":68,"type":"if","locations":[{"start":{"line":68,"column":11},"end":{"line":68,"column":11}},{"start":{"line":68,"column":11},"end":{"line":68,"column":11}}]},"12":{"line":70,"type":"if","locations":[{"start":{"line":70,"column":11},"end":{"line":70,"column":11}},{"start":{"line":70,"column":11},"end":{"line":70,"column":11}}]},"13":{"line":86,"type":"if","locations":[{"start":{"line":86,"column":6},"end":{"line":86,"column":6}},{"start":{"line":86,"column":6},"end":{"line":86,"column":6}}]},"14":{"line":95,"type":"if","locations":[{"start":{"line":95,"column":4},"end":{"line":95,"column":4}},{"start":{"line":95,"column":4},"end":{"line":95,"column":4}}]},"15":{"line":122,"type":"if","locations":[{"start":{"line":122,"column":4},"end":{"line":122,"column":4}},{"start":{"line":122,"column":4},"end":{"line":122,"column":4}}]},"16":{"line":124,"type":"if","locations":[{"start":{"line":124,"column":6},"end":{"line":124,"column":6}},{"start":{"line":124,"column":6},"end":{"line":124,"column":6}}]},"17":{"line":134,"type":"if","locations":[{"start":{"line":134,"column":6},"end":{"line":134,"column":6}},{"start":{"line":134,"column":6},"end":{"line":134,"column":6}}]},"18":{"line":135,"type":"if","locations":[{"start":{"line":135,"column":8},"end":{"line":135,"column":8}},{"start":{"line":135,"column":8},"end":{"line":135,"column":8}}]},"19":{"line":137,"type":"if","locations":[{"start":{"line":137,"column":8},"end":{"line":137,"column":8}},{"start":{"line":137,"column":8},"end":{"line":137,"column":8}}]},"20":{"line":143,"type":"if","locations":[{"start":{"line":143,"column":6},"end":{"line":143,"column":6}},{"start":{"line":143,"column":6},"end":{"line":143,"column":6}}]},"21":{"line":163,"type":"if","locations":[{"start":{"line":163,"column":8},"end":{"line":163,"column":8}},{"start":{"line":163,"column":8},"end":{"line":163,"column":8}}]},"22":{"line":164,"type":"if","locations":[{"start":{"line":164,"column":10},"end":{"line":164,"column":10}},{"start":{"line":164,"column":10},"end":{"line":164,"column":10}}]},"23":{"line":169,"type":"if","locations":[{"start":{"line":169,"column":10},"end":{"line":169,"column":10}},{"start":{"line":169,"column":10},"end":{"line":169,"column":10}}]},"24":{"line":177,"type":"if","locations":[{"start":{"line":177,"column":8},"end":{"line":177,"column":8}},{"start":{"line":177,"column":8},"end":{"line":177,"column":8}}]},"25":{"line":179,"type":"if","locations":[{"start":{"line":179,"column":8},"end":{"line":179,"column":8}},{"start":{"line":179,"column":8},"end":{"line":179,"column":8}}]},"26":{"line":181,"type":"if","locations":[{"start":{"line":181,"column":10},"end":{"line":181,"column":10}},{"start":{"line":181,"column":10},"end":{"line":181,"column":10}}]},"27":{"line":188,"type":"if","locations":[{"start":{"line":188,"column":12},"end":{"line":188,"column":12}},{"start":{"line":188,"column":12},"end":{"line":188,"column":12}}]},"28":{"line":192,"type":"if","locations":[{"start":{"line":192,"column":10},"end":{"line":192,"column":10}},{"start":{"line":192,"column":10},"end":{"line":192,"column":10}}]},"29":{"line":200,"type":"if","locations":[{"start":{"line":200,"column":10},"end":{"line":200,"column":10}},{"start":{"line":200,"column":10},"end":{"line":200,"column":10}}]}}}}