{
"contracts/ethereum/SnapshotXL1Voting/Interfaces/IStarknetCore.sol":{"l":{},"path":"/Users/orlandothefraser/Code/snapshot/snapshot-x/contracts/ethereum/SnapshotXL1Voting/Interfaces/IStarknetCore.sol","s":{},"b":{},"f":{},"fnMap":{},"statementMap":{},"branchMap":{}},
"contracts/ethereum/SnapshotXL1Voting/SnapshotXL1Voting.sol":{"l":{"76":18,"77":18,"91":3,"92":2,"93":2,"94":2,"95":2,"96":2,"98":2,"114":2,"115":2,"116":2,"117":2,"118":2,"119":2,"121":2},"path":"/Users/orlandothefraser/Code/snapshot/snapshot-x/contracts/ethereum/SnapshotXL1Voting/SnapshotXL1Voting.sol","s":{"1":18,"2":18,"3":3,"4":2,"5":2,"6":2,"7":2,"8":2,"9":2,"10":2,"11":2,"12":2,"13":2,"14":2,"15":2,"16":2},"b":{"1":[2,1]},"f":{"1":18,"2":3,"3":2},"fnMap":{"1":{"name":"constructor","line":75,"loc":{"start":{"line":75,"column":2},"end":{"line":78,"column":2}}},"2":{"name":"voteOnL1","line":86,"loc":{"start":{"line":86,"column":2},"end":{"line":99,"column":2}}},"3":{"name":"proposeOnL1","line":108,"loc":{"start":{"line":108,"column":2},"end":{"line":122,"column":2}}}},"statementMap":{"1":{"start":{"line":76,"column":4},"end":{"line":76,"column":46}},"2":{"start":{"line":77,"column":4},"end":{"line":77,"column":31}},"3":{"start":{"line":91,"column":4},"end":{"line":91,"column":77}},"4":{"start":{"line":92,"column":4},"end":{"line":92,"column":47}},"5":{"start":{"line":93,"column":4},"end":{"line":93,"column":30}},"6":{"start":{"line":94,"column":4},"end":{"line":94,"column":26}},"7":{"start":{"line":95,"column":4},"end":{"line":95,"column":22}},"8":{"start":{"line":96,"column":4},"end":{"line":96,"column":53}},"9":{"start":{"line":98,"column":4},"end":{"line":98,"column":72}},"10":{"start":{"line":114,"column":4},"end":{"line":114,"column":47}},"11":{"start":{"line":115,"column":4},"end":{"line":115,"column":30}},"12":{"start":{"line":116,"column":4},"end":{"line":116,"column":29}},"13":{"start":{"line":117,"column":4},"end":{"line":117,"column":28}},"14":{"start":{"line":118,"column":4},"end":{"line":118,"column":22}},"15":{"start":{"line":119,"column":4},"end":{"line":119,"column":53}},"16":{"start":{"line":121,"column":4},"end":{"line":121,"column":93}}},"branchMap":{"1":{"line":91,"type":"if","locations":[{"start":{"line":91,"column":4},"end":{"line":91,"column":4}},{"start":{"line":91,"column":4},"end":{"line":91,"column":4}}]}}},
"contracts/ethereum/SnapshotXZodiacModule/deps.sol":{"l":{},"path":"/Users/orlandothefraser/Code/snapshot/snapshot-x/contracts/ethereum/SnapshotXZodiacModule/deps.sol","s":{},"b":{},"f":{},"fnMap":{},"statementMap":{},"branchMap":{}},
"contracts/ethereum/SnapshotXZodiacModule/Interfaces/IStarknetCore.sol":{"l":{},"path":"/Users/orlandothefraser/Code/snapshot/snapshot-x/contracts/ethereum/SnapshotXZodiacModule/Interfaces/IStarknetCore.sol","s":{},"b":{},"f":{},"fnMap":{},"statementMap":{},"branchMap":{}},
"contracts/ethereum/SnapshotXZodiacModule/ProposalRelayer.sol":{"l":{"34":72,"35":72,"43":1,"44":1,"53":0,"54":0,"55":0,"57":0,"71":0,"72":0,"73":0,"74":0,"77":0},"path":"/Users/orlandothefraser/Code/snapshot/snapshot-x/contracts/ethereum/SnapshotXZodiacModule/ProposalRelayer.sol","s":{"1":72,"2":72,"3":1,"4":1,"5":0,"6":0,"7":0,"8":0,"9":0,"10":0,"11":0,"12":0,"13":0},"b":{},"f":{"1":72,"2":1,"3":0,"4":0},"fnMap":{"1":{"name":"setUpSnapshotXProposalRelayer","line":31,"loc":{"start":{"line":31,"column":2},"end":{"line":36,"column":2}}},"2":{"name":"changeDecisionExecutorL2","line":42,"loc":{"start":{"line":42,"column":2},"end":{"line":45,"column":2}}},"3":{"name":"_recieveFinalizedProposal","line":52,"loc":{"start":{"line":52,"column":2},"end":{"line":58,"column":2}}},"4":{"name":"isFinalizedProposalRecieved","line":66,"loc":{"start":{"line":66,"column":2},"end":{"line":78,"column":2}}}},"statementMap":{"1":{"start":{"line":34,"column":4},"end":{"line":34,"column":46}},"2":{"start":{"line":35,"column":4},"end":{"line":35,"column":43}},"3":{"start":{"line":43,"column":4},"end":{"line":43,"column":43}},"4":{"start":{"line":44,"column":4},"end":{"line":44,"column":55}},"5":{"start":{"line":53,"column":4},"end":{"line":53,"column":47}},"6":{"start":{"line":54,"column":4},"end":{"line":54,"column":32}},"7":{"start":{"line":55,"column":4},"end":{"line":55,"column":25}},"8":{"start":{"line":57,"column":4},"end":{"line":57,"column":65}},"9":{"start":{"line":71,"column":4},"end":{"line":71,"column":47}},"10":{"start":{"line":72,"column":4},"end":{"line":72,"column":32}},"11":{"start":{"line":73,"column":4},"end":{"line":73,"column":25}},"12":{"start":{"line":74,"column":4},"end":{"line":74,"column":2684}},"13":{"start":{"line":77,"column":4},"end":{"line":77,"column":51}}},"branchMap":{}},
"contracts/ethereum/SnapshotXZodiacModule/SnapshotXL1Executor.sol":{"l":{"111":54,"118":54,"126":72,"133":72,"134":72,"135":72,"136":72,"137":72,"138":72,"162":0,"163":0,"164":0,"165":0,"166":0,"167":0,"168":0,"182":12,"183":12,"184":12,"185":12,"186":12,"187":12,"195":2,"196":2,"200":2,"204":1,"210":1,"212":1,"213":1,"232":10,"233":10,"239":8,"240":8,"241":8,"242":8,"243":3,"262":2,"263":4,"274":25,"275":25,"276":2,"278":1,"280":7,"282":9,"284":6,"294":1,"295":1,"305":4,"306":4,"307":4,"321":4,"322":4,"323":4,"341":65,"342":65,"343":65,"346":65,"363":65},"path":"/Users/orlandothefraser/Code/snapshot/snapshot-x/contracts/ethereum/SnapshotXZodiacModule/SnapshotXL1Executor.sol","s":{"1":54,"2":54,"3":72,"4":72,"5":72,"6":72,"7":72,"8":72,"9":72,"10":0,"11":0,"12":0,"13":0,"14":0,"15":0,"16":12,"17":12,"18":12,"19":12,"20":12,"21":2,"22":2,"23":2,"24":1,"25":1,"26":1,"27":1,"28":10,"29":10,"30":8,"31":8,"32":8,"33":3,"34":2,"35":4,"36":25,"37":25,"38":2,"39":23,"40":1,"41":22,"42":7,"43":15,"44":9,"45":6,"46":1,"47":1,"48":4,"49":4,"50":4,"51":4,"52":4,"53":4,"54":65,"55":65,"56":65,"57":65,"58":65},"b":{"1":[0,0],"2":[0,0],"3":[0,0],"4":[12,0],"5":[12,0],"6":[12,0],"7":[2,0],"8":[1,1],"9":[1,0],"10":[8,2],"11":[8,0],"12":[3,5],"13":[2,23],"14":[1,22],"15":[7,15],"16":[9,6],"17":[1,0],"18":[4,0],"19":[4,0],"20":[4,0],"21":[4,0]},"f":{"1":54,"2":72,"3":0,"4":12,"5":2,"6":10,"7":2,"8":25,"9":1,"10":4,"11":4,"12":65,"13":65},"fnMap":{"1":{"name":"constructor","line":104,"loc":{"start":{"line":104,"column":2},"end":{"line":119,"column":2}}},"2":{"name":"setUp","line":125,"loc":{"start":{"line":125,"column":2},"end":{"line":146,"column":2}}},"3":{"name":"receiveProposal","line":156,"loc":{"start":{"line":156,"column":2},"end":{"line":169,"column":2}}},"4":{"name":"receiveProposalTest","line":177,"loc":{"start":{"line":177,"column":2},"end":{"line":188,"column":2}}},"5":{"name":"cancelProposals","line":194,"loc":{"start":{"line":194,"column":2},"end":{"line":215,"column":2}}},"6":{"name":"executeProposalTx","line":225,"loc":{"start":{"line":225,"column":2},"end":{"line":245,"column":2}}},"7":{"name":"executeProposalTxBatch","line":255,"loc":{"start":{"line":255,"column":2},"end":{"line":265,"column":2}}},"8":{"name":"getProposalState","line":273,"loc":{"start":{"line":273,"column":2},"end":{"line":286,"column":2}}},"9":{"name":"getNumOfTxInProposal","line":293,"loc":{"start":{"line":293,"column":2},"end":{"line":296,"column":2}}},"10":{"name":"getTxHash","line":304,"loc":{"start":{"line":304,"column":2},"end":{"line":308,"column":2}}},"11":{"name":"isTxExecuted","line":316,"loc":{"start":{"line":316,"column":2},"end":{"line":324,"column":2}}},"12":{"name":"generateTransactionHashData","line":334,"loc":{"start":{"line":334,"column":2},"end":{"line":347,"column":2}}},"13":{"name":"getTransactionHash","line":357,"loc":{"start":{"line":357,"column":2},"end":{"line":364,"column":2}}}},"statementMap":{"1":{"start":{"line":111,"column":4},"end":{"line":111,"column":4053}},"2":{"start":{"line":118,"column":4},"end":{"line":118,"column":20}},"3":{"start":{"line":126,"column":4},"end":{"line":126,"column":4454}},"4":{"start":{"line":133,"column":4},"end":{"line":133,"column":19}},"5":{"start":{"line":134,"column":4},"end":{"line":134,"column":28}},"6":{"start":{"line":135,"column":4},"end":{"line":135,"column":19}},"7":{"start":{"line":136,"column":4},"end":{"line":136,"column":19}},"8":{"start":{"line":137,"column":4},"end":{"line":137,"column":68}},"9":{"start":{"line":138,"column":4},"end":{"line":138,"column":4766}},"10":{"start":{"line":162,"column":4},"end":{"line":162,"column":57}},"11":{"start":{"line":163,"column":4},"end":{"line":163,"column":51}},"12":{"start":{"line":164,"column":4},"end":{"line":164,"column":70}},"13":{"start":{"line":165,"column":4},"end":{"line":165,"column":94}},"14":{"start":{"line":166,"column":4},"end":{"line":166,"column":71}},"15":{"start":{"line":168,"column":4},"end":{"line":168,"column":40}},"16":{"start":{"line":182,"column":4},"end":{"line":182,"column":51}},"17":{"start":{"line":183,"column":4},"end":{"line":183,"column":70}},"18":{"start":{"line":184,"column":4},"end":{"line":184,"column":94}},"19":{"start":{"line":185,"column":4},"end":{"line":185,"column":71}},"20":{"start":{"line":187,"column":4},"end":{"line":187,"column":40}},"21":{"start":{"line":195,"column":4},"end":{"line":195,"column":6912}},"22":{"start":{"line":196,"column":6},"end":{"line":196,"column":6976}},"23":{"start":{"line":200,"column":6},"end":{"line":200,"column":7127}},"24":{"start":{"line":204,"column":6},"end":{"line":204,"column":7273}},"25":{"start":{"line":210,"column":6},"end":{"line":210,"column":7825}},"26":{"start":{"line":212,"column":6},"end":{"line":212,"column":75}},"27":{"start":{"line":213,"column":6},"end":{"line":213,"column":49}},"28":{"start":{"line":232,"column":4},"end":{"line":232,"column":67}},"29":{"start":{"line":233,"column":4},"end":{"line":233,"column":8583}},"30":{"start":{"line":240,"column":4},"end":{"line":240,"column":73}},"31":{"start":{"line":241,"column":4},"end":{"line":241,"column":52}},"32":{"start":{"line":242,"column":4},"end":{"line":242,"column":9021}},"33":{"start":{"line":243,"column":6},"end":{"line":243,"column":43}},"34":{"start":{"line":262,"column":4},"end":{"line":262,"column":9753}},"35":{"start":{"line":263,"column":6},"end":{"line":263,"column":81}},"36":{"start":{"line":274,"column":4},"end":{"line":274,"column":98}},"37":{"start":{"line":275,"column":4},"end":{"line":275,"column":10202}},"38":{"start":{"line":276,"column":6},"end":{"line":276,"column":38}},"39":{"start":{"line":277,"column":11},"end":{"line":277,"column":10299}},"40":{"start":{"line":278,"column":6},"end":{"line":278,"column":36}},"41":{"start":{"line":279,"column":11},"end":{"line":279,"column":10383}},"42":{"start":{"line":280,"column":6},"end":{"line":280,"column":35}},"43":{"start":{"line":281,"column":11},"end":{"line":281,"column":10478}},"44":{"start":{"line":282,"column":6},"end":{"line":282,"column":35}},"45":{"start":{"line":284,"column":6},"end":{"line":284,"column":36}},"46":{"start":{"line":294,"column":4},"end":{"line":294,"column":68}},"47":{"start":{"line":295,"column":4},"end":{"line":295,"column":75}},"48":{"start":{"line":305,"column":4},"end":{"line":305,"column":68}},"49":{"start":{"line":306,"column":4},"end":{"line":306,"column":86}},"50":{"start":{"line":307,"column":4},"end":{"line":307,"column":77}},"51":{"start":{"line":321,"column":4},"end":{"line":321,"column":68}},"52":{"start":{"line":322,"column":4},"end":{"line":322,"column":86}},"53":{"start":{"line":323,"column":4},"end":{"line":323,"column":86}},"54":{"start":{"line":341,"column":4},"end":{"line":341,"column":35}},"55":{"start":{"line":342,"column":4},"end":{"line":342,"column":93}},"56":{"start":{"line":343,"column":4},"end":{"line":343,"column":12884}},"57":{"start":{"line":346,"column":4},"end":{"line":346,"column":89}},"58":{"start":{"line":363,"column":4},"end":{"line":363,"column":80}}},"branchMap":{"1":{"line":163,"type":"if","locations":[{"start":{"line":163,"column":4},"end":{"line":163,"column":4}},{"start":{"line":163,"column":4},"end":{"line":163,"column":4}}]},"2":{"line":164,"type":"if","locations":[{"start":{"line":164,"column":4},"end":{"line":164,"column":4}},{"start":{"line":164,"column":4},"end":{"line":164,"column":4}}]},"3":{"line":165,"type":"if","locations":[{"start":{"line":165,"column":4},"end":{"line":165,"column":4}},{"start":{"line":165,"column":4},"end":{"line":165,"column":4}}]},"4":{"line":182,"type":"if","locations":[{"start":{"line":182,"column":4},"end":{"line":182,"column":4}},{"start":{"line":182,"column":4},"end":{"line":182,"column":4}}]},"5":{"line":183,"type":"if","locations":[{"start":{"line":183,"column":4},"end":{"line":183,"column":4}},{"start":{"line":183,"column":4},"end":{"line":183,"column":4}}]},"6":{"line":184,"type":"if","locations":[{"start":{"line":184,"column":4},"end":{"line":184,"column":4}},{"start":{"line":184,"column":4},"end":{"line":184,"column":4}}]},"7":{"line":196,"type":"if","locations":[{"start":{"line":196,"column":6},"end":{"line":196,"column":6}},{"start":{"line":196,"column":6},"end":{"line":196,"column":6}}]},"8":{"line":200,"type":"if","locations":[{"start":{"line":200,"column":6},"end":{"line":200,"column":6}},{"start":{"line":200,"column":6},"end":{"line":200,"column":6}}]},"9":{"line":204,"type":"if","locations":[{"start":{"line":204,"column":6},"end":{"line":204,"column":6}},{"start":{"line":204,"column":6},"end":{"line":204,"column":6}}]},"10":{"line":233,"type":"if","locations":[{"start":{"line":233,"column":4},"end":{"line":233,"column":4}},{"start":{"line":233,"column":4},"end":{"line":233,"column":4}}]},"11":{"line":240,"type":"if","locations":[{"start":{"line":240,"column":4},"end":{"line":240,"column":4}},{"start":{"line":240,"column":4},"end":{"line":240,"column":4}}]},"12":{"line":242,"type":"if","locations":[{"start":{"line":242,"column":4},"end":{"line":242,"column":4}},{"start":{"line":242,"column":4},"end":{"line":242,"column":4}}]},"13":{"line":275,"type":"if","locations":[{"start":{"line":275,"column":4},"end":{"line":275,"column":4}},{"start":{"line":275,"column":4},"end":{"line":275,"column":4}}]},"14":{"line":277,"type":"if","locations":[{"start":{"line":277,"column":11},"end":{"line":277,"column":11}},{"start":{"line":277,"column":11},"end":{"line":277,"column":11}}]},"15":{"line":279,"type":"if","locations":[{"start":{"line":279,"column":11},"end":{"line":279,"column":11}},{"start":{"line":279,"column":11},"end":{"line":279,"column":11}}]},"16":{"line":281,"type":"if","locations":[{"start":{"line":281,"column":11},"end":{"line":281,"column":11}},{"start":{"line":281,"column":11},"end":{"line":281,"column":11}}]},"17":{"line":294,"type":"if","locations":[{"start":{"line":294,"column":4},"end":{"line":294,"column":4}},{"start":{"line":294,"column":4},"end":{"line":294,"column":4}}]},"18":{"line":305,"type":"if","locations":[{"start":{"line":305,"column":4},"end":{"line":305,"column":4}},{"start":{"line":305,"column":4},"end":{"line":305,"column":4}}]},"19":{"line":306,"type":"if","locations":[{"start":{"line":306,"column":4},"end":{"line":306,"column":4}},{"start":{"line":306,"column":4},"end":{"line":306,"column":4}}]},"20":{"line":321,"type":"if","locations":[{"start":{"line":321,"column":4},"end":{"line":321,"column":4}},{"start":{"line":321,"column":4},"end":{"line":321,"column":4}}]},"21":{"line":322,"type":"if","locations":[{"start":{"line":322,"column":4},"end":{"line":322,"column":4}},{"start":{"line":322,"column":4},"end":{"line":322,"column":4}}]}}}}
