TN:
SF:/Users/orlandothefraser/Code/snapshot/snapshot-x/contracts/ethereum/SnapshotXL1Voting/Interfaces/IStarknetCore.sol
FNF:0
FNH:0
LF:0
LH:0
BRF:0
BRH:0
end_of_record
TN:
SF:/Users/orlandothefraser/Code/snapshot/snapshot-x/contracts/ethereum/SnapshotXL1Voting/SnapshotXL1Voting.sol
FN:75,constructor
FN:86,voteOnL1
FN:108,proposeOnL1
FNF:3
FNH:3
FNDA:18,constructor
FNDA:3,voteOnL1
FNDA:2,proposeOnL1
DA:76,18
DA:77,18
DA:91,3
DA:92,2
DA:93,2
DA:94,2
DA:95,2
DA:96,2
DA:98,2
DA:114,2
DA:115,2
DA:116,2
DA:117,2
DA:118,2
DA:119,2
DA:121,2
LF:16
LH:16
BRDA:91,1,0,2
BRDA:91,1,1,1
BRF:2
BRH:2
end_of_record
TN:
SF:/Users/orlandothefraser/Code/snapshot/snapshot-x/contracts/ethereum/SnapshotXZodiacModule/deps.sol
FNF:0
FNH:0
LF:0
LH:0
BRF:0
BRH:0
end_of_record
TN:
SF:/Users/orlandothefraser/Code/snapshot/snapshot-x/contracts/ethereum/SnapshotXZodiacModule/Interfaces/IStarknetCore.sol
FNF:0
FNH:0
LF:0
LH:0
BRF:0
BRH:0
end_of_record
TN:
SF:/Users/orlandothefraser/Code/snapshot/snapshot-x/contracts/ethereum/SnapshotXZodiacModule/ProposalRelayer.sol
FN:31,setUpSnapshotXProposalRelayer
FN:42,changeDecisionExecutorL2
FN:52,_recieveFinalizedProposal
FN:66,isFinalizedProposalRecieved
FNF:4
FNH:2
FNDA:72,setUpSnapshotXProposalRelayer
FNDA:1,changeDecisionExecutorL2
FNDA:0,_recieveFinalizedProposal
FNDA:0,isFinalizedProposalRecieved
DA:34,72
DA:35,72
DA:43,1
DA:44,1
DA:53,0
DA:54,0
DA:55,0
DA:57,0
DA:71,0
DA:72,0
DA:73,0
DA:74,0
DA:77,0
LF:13
LH:4
BRF:0
BRH:0
end_of_record
TN:
SF:/Users/orlandothefraser/Code/snapshot/snapshot-x/contracts/ethereum/SnapshotXZodiacModule/SnapshotXL1Executor.sol
FN:104,constructor
FN:125,setUp
FN:156,receiveProposal
FN:177,receiveProposalTest
FN:194,cancelProposals
FN:225,executeProposalTx
FN:255,executeProposalTxBatch
FN:273,getProposalState
FN:293,getNumOfTxInProposal
FN:304,getTxHash
FN:316,isTxExecuted
FN:334,generateTransactionHashData
FN:357,getTransactionHash
FNF:13
FNH:12
FNDA:54,constructor
FNDA:72,setUp
FNDA:0,receiveProposal
FNDA:12,receiveProposalTest
FNDA:2,cancelProposals
FNDA:10,executeProposalTx
FNDA:2,executeProposalTxBatch
FNDA:25,getProposalState
FNDA:1,getNumOfTxInProposal
FNDA:4,getTxHash
FNDA:4,isTxExecuted
FNDA:65,generateTransactionHashData
FNDA:65,getTransactionHash
DA:111,54
DA:118,54
DA:126,72
DA:133,72
DA:134,72
DA:135,72
DA:136,72
DA:137,72
DA:138,72
DA:162,0
DA:163,0
DA:164,0
DA:165,0
DA:166,0
DA:167,0
DA:168,0
DA:182,12
DA:183,12
DA:184,12
DA:185,12
DA:186,12
DA:187,12
DA:195,2
DA:196,2
DA:200,2
DA:204,1
DA:210,1
DA:212,1
DA:213,1
DA:232,10
DA:233,10
DA:239,8
DA:240,8
DA:241,8
DA:242,8
DA:243,3
DA:262,2
DA:263,4
DA:274,25
DA:275,25
DA:276,2
DA:278,1
DA:280,7
DA:282,9
DA:284,6
DA:294,1
DA:295,1
DA:305,4
DA:306,4
DA:307,4
DA:321,4
DA:322,4
DA:323,4
DA:341,65
DA:342,65
DA:343,65
DA:346,65
DA:363,65
LF:58
LH:51
BRDA:163,1,0,0
BRDA:163,1,1,0
BRDA:164,2,0,0
BRDA:164,2,1,0
BRDA:165,3,0,0
BRDA:165,3,1,0
BRDA:182,4,0,12
BRDA:182,4,1,0
BRDA:183,5,0,12
BRDA:183,5,1,0
BRDA:184,6,0,12
BRDA:184,6,1,0
BRDA:196,7,0,2
BRDA:196,7,1,0
BRDA:200,8,0,1
BRDA:200,8,1,1
BRDA:204,9,0,1
BRDA:204,9,1,0
BRDA:233,10,0,8
BRDA:233,10,1,2
BRDA:240,11,0,8
BRDA:240,11,1,0
BRDA:242,12,0,3
BRDA:242,12,1,5
BRDA:275,13,0,2
BRDA:275,13,1,23
BRDA:277,14,0,1
BRDA:277,14,1,22
BRDA:279,15,0,7
BRDA:279,15,1,15
BRDA:281,16,0,9
BRDA:281,16,1,6
BRDA:294,17,0,1
BRDA:294,17,1,0
BRDA:305,18,0,4
BRDA:305,18,1,0
BRDA:306,19,0,4
BRDA:306,19,1,0
BRDA:321,20,0,4
BRDA:321,20,1,0
BRDA:322,21,0,4
BRDA:322,21,1,0
BRF:42
BRH:25
end_of_record
