TN:
SF:/Users/orlandothefraser/Code/snapshot/sx-core/contracts/ethereum/Interfaces/IStarknetCore.sol
FNF:0
FNH:0
LF:0
LH:0
BRF:0
BRH:0
end_of_record
TN:
SF:/Users/orlandothefraser/Code/snapshot/sx-core/contracts/ethereum/StarkNetCommit/StarkNetCommit.sol
FN:37,constructor
FN:46,setAuth
FN:54,commit
FNF:3
FNH:0
FNDA:0,constructor
FNDA:0,setAuth
FNDA:0,commit
DA:38,0
DA:47,0
DA:55,0
DA:56,0
DA:57,0
DA:58,0
LF:6
LH:0
BRDA:46,1,0,0
BRDA:46,1,1,0
BRF:2
BRH:0
end_of_record
TN:
SF:/Users/orlandothefraser/Code/snapshot/sx-core/contracts/ethereum/TestContracts/IStarknetMessaging.sol
FNF:0
FNH:0
LF:0
LH:0
BRF:0
BRH:0
end_of_record
TN:
SF:/Users/orlandothefraser/Code/snapshot/sx-core/contracts/ethereum/TestContracts/MockStarknetMessaging.sol
FN:10,mockSendMessageFromL2
FN:24,mockConsumeMessageToL2
FNF:2
FNH:0
FNDA:0,mockSendMessageFromL2
FNDA:0,mockConsumeMessageToL2
DA:15,0
DA:18,0
DA:31,0
DA:35,0
DA:36,0
LF:5
LH:0
BRDA:35,1,0,0
BRDA:35,1,1,0
BRF:2
BRH:0
end_of_record
TN:
SF:/Users/orlandothefraser/Code/snapshot/sx-core/contracts/ethereum/TestContracts/NamedStorage.sol
FN:9,bytes32ToUint256Mapping
FN:20,bytes32ToAddressMapping
FN:31,addressToBoolMapping
FN:42,getUintValue
FN:49,setUintValue
FN:56,setUintValueOnce
FN:61,getAddressValue
FN:68,setAddressValue
FN:75,setAddressValueOnce
FN:80,getBoolValue
FN:87,setBoolValue
FNF:11
FNH:0
FNDA:0,bytes32ToUint256Mapping
FNDA:0,bytes32ToAddressMapping
FNDA:0,addressToBoolMapping
FNDA:0,getUintValue
FNDA:0,setUintValue
FNDA:0,setUintValueOnce
FNDA:0,getAddressValue
FNDA:0,setAddressValue
FNDA:0,setAddressValueOnce
FNDA:0,getBoolValue
FNDA:0,setBoolValue
DA:14,0
DA:15,0
DA:25,0
DA:26,0
DA:36,0
DA:37,0
DA:43,0
DA:44,0
DA:50,0
DA:51,0
DA:57,0
DA:58,0
DA:62,0
DA:63,0
DA:69,0
DA:70,0
DA:76,0
DA:77,0
DA:81,0
DA:82,0
DA:88,0
DA:89,0
LF:22
LH:0
BRDA:57,1,0,0
BRDA:57,1,1,0
BRDA:76,2,0,0
BRDA:76,2,1,0
BRF:4
BRH:0
end_of_record
TN:
SF:/Users/orlandothefraser/Code/snapshot/sx-core/contracts/ethereum/TestContracts/StarknetMessaging.sol
FN:21,l1ToL2Messages
FN:25,l2ToL1Messages
FN:29,l1ToL2Messages
FN:33,l2ToL1Messages
FN:37,l1ToL2MessageNonce
FN:44,sendMessageToL2
FN:71,consumeMessageFromL2
FNF:7
FNH:0
FNDA:0,l1ToL2Messages
FNDA:0,l2ToL1Messages
FNDA:0,l1ToL2Messages
FNDA:0,l2ToL1Messages
FNDA:0,l1ToL2MessageNonce
FNDA:0,sendMessageToL2
FNDA:0,consumeMessageFromL2
DA:22,0
DA:26,0
DA:30,0
DA:34,0
DA:38,0
DA:49,0
DA:50,0
DA:51,0
DA:52,0
DA:62,0
DA:64,0
DA:76,0
DA:80,0
DA:81,0
DA:82,0
DA:83,0
LF:16
LH:0
BRDA:80,1,0,0
BRDA:80,1,1,0
BRF:2
BRH:0
end_of_record
TN:
SF:/Users/orlandothefraser/Code/snapshot/sx-core/contracts/ethereum/ZodiacModule/deps.sol
FNF:0
FNH:0
LF:0
LH:0
BRF:0
BRH:0
end_of_record
TN:
SF:/Users/orlandothefraser/Code/snapshot/sx-core/contracts/ethereum/ZodiacModule/ProposalRelayer.sol
FN:42,setUpSnapshotXProposalRelayer
FN:53,changeL2ExecutionRelayer
FN:64,_receiveFinalizedProposal
FNF:3
FNH:2
FNDA:84,setUpSnapshotXProposalRelayer
FNDA:1,changeL2ExecutionRelayer
FNDA:0,_receiveFinalizedProposal
DA:45,84
DA:46,84
DA:54,1
DA:55,1
DA:70,0
DA:71,0
DA:72,0
DA:73,0
DA:74,0
DA:77,0
LF:10
LH:4
BRDA:53,1,0,1
BRDA:53,1,1,0
BRF:2
BRH:1
end_of_record
TN:
SF:/Users/orlandothefraser/Code/snapshot/sx-core/contracts/ethereum/ZodiacModule/SnapshotXL1Executor.sol
FN:107,constructor
FN:130,setUp
FN:166,editWhitelist
FN:215,receiveProposalTest
FN:234,cancelProposals
FN:265,executeProposalTx
FN:299,executeProposalTxBatch
FN:317,getProposalState
FN:335,getNumOfTxInProposal
FN:346,getTxHash
FN:358,isTxExecuted
FN:376,generateTransactionHashData
FN:399,getTransactionHash
FNF:13
FNH:13
FNDA:63,constructor
FNDA:84,setUp
FNDA:1,editWhitelist
FNDA:13,receiveProposalTest
FNDA:2,cancelProposals
FNDA:13,executeProposalTx
FNDA:2,executeProposalTxBatch
FNDA:36,getProposalState
FNDA:1,getNumOfTxInProposal
FNDA:4,getTxHash
FNDA:4,isTxExecuted
FNDA:13,generateTransactionHashData
FNDA:13,getTransactionHash
DA:115,63
DA:123,63
DA:131,84
DA:139,84
DA:140,84
DA:141,84
DA:142,84
DA:143,84
DA:145,84
DA:146,21
DA:149,84
DA:168,1
DA:169,1
DA:173,1
DA:174,1
DA:225,13
DA:226,13
DA:227,13
DA:235,2
DA:250,2
DA:252,2
DA:253,2
DA:272,13
DA:276,12
DA:277,12
DA:283,10
DA:284,10
DA:285,10
DA:286,10
DA:287,4
DA:306,2
DA:307,4
DA:318,36
DA:319,36
DA:320,2
DA:322,1
DA:324,9
DA:326,24
DA:336,1
DA:337,1
DA:347,4
DA:348,4
DA:349,4
DA:363,4
DA:364,4
DA:365,4
DA:383,13
DA:384,13
DA:385,13
DA:388,13
DA:406,13
LF:51
LH:51
BRDA:130,1,0,84
BRDA:130,1,1,0
BRDA:166,2,0,1
BRDA:166,2,1,0
BRDA:234,3,0,2
BRDA:234,3,1,1
BRDA:272,4,0,12
BRDA:272,4,1,1
BRDA:277,5,0,10
BRDA:277,5,1,2
BRDA:284,6,0,10
BRDA:284,6,1,0
BRDA:286,7,0,4
BRDA:286,7,1,6
BRDA:319,8,0,2
BRDA:319,8,1,34
BRDA:321,9,0,1
BRDA:321,9,1,33
BRDA:323,10,0,9
BRDA:323,10,1,24
BRDA:336,11,0,1
BRDA:336,11,1,0
BRDA:347,12,0,4
BRDA:347,12,1,0
BRDA:348,13,0,4
BRDA:348,13,1,0
BRDA:363,14,0,4
BRDA:363,14,1,0
BRDA:364,15,0,4
BRDA:364,15,1,0
BRF:30
BRH:22
end_of_record
TN:
SF:/Users/orlandothefraser/Code/snapshot/sx-core/contracts/starknet/fossil/contracts/ethereum/interfaces/IStarknetCore.sol
FNF:0
FNH:0
LF:0
LH:0
BRF:0
BRH:0
end_of_record
TN:
SF:/Users/orlandothefraser/Code/snapshot/sx-core/contracts/starknet/fossil/contracts/ethereum/L1MessagesSender.sol
FN:16,constructor
FN:22,sendExactParentHashToL2
FN:28,sendLatestParentHashToL2
FN:33,_sendBlockHashToL2
FNF:4
FNH:0
FNDA:0,constructor
FNDA:0,sendExactParentHashToL2
FNDA:0,sendLatestParentHashToL2
FNDA:0,_sendBlockHashToL2
DA:17,0
DA:18,0
DA:23,0
DA:24,0
DA:25,0
DA:29,0
DA:30,0
DA:34,0
DA:35,0
DA:38,0
DA:39,0
DA:40,0
DA:41,0
DA:42,0
DA:44,0
LF:15
LH:0
BRDA:24,1,0,0
BRDA:24,1,1,0
BRF:2
BRH:0
end_of_record
TN:
SF:/Users/orlandothefraser/Code/snapshot/sx-core/contracts/starknet/fossil/contracts/ethereum/lib/FormatWords64.sol
FN:5,fromBytes32
FNF:1
FNH:0
FNDA:0,fromBytes32
DA:15,0
LF:1
LH:0
BRF:0
BRH:0
end_of_record
TN:
SF:/Users/orlandothefraser/Code/snapshot/sx-core/contracts/starknet/fossil/contracts/ethereum/lib/RLP.sol
FN:20,toRLPItem
FN:34,toList
FN:54,isList
FN:66,numItems
FN:79,_itemLength
FN:110,_payloadOffset
FN:128,toRLPBytes
FN:140,toBoolean
FN:151,toAddress
FN:158,toUint
FN:171,toBytes
FN:190,copy
FNF:12
FNH:0
FNDA:0,toRLPItem
FNDA:0,toList
FNDA:0,isList
FNDA:0,numItems
FNDA:0,_itemLength
FNDA:0,_payloadOffset
FNDA:0,toRLPBytes
FNDA:0,toBoolean
FNDA:0,toAddress
FNDA:0,toUint
FNDA:0,toBytes
FNDA:0,copy
DA:21,0
DA:23,0
DA:24,0
DA:28,0
DA:35,0
DA:37,0
DA:38,0
DA:40,0
DA:41,0
DA:42,0
DA:43,0
DA:44,0
DA:45,0
DA:55,0
DA:56,0
DA:57,0
DA:61,0
DA:62,0
DA:67,0
DA:68,0
DA:69,0
DA:70,0
DA:71,0
DA:72,0
DA:75,0
DA:80,0
DA:81,0
DA:85,0
DA:88,0
DA:97,0
DA:99,0
DA:111,0
DA:112,0
DA:116,0
DA:118,0
DA:121,0
DA:129,0
DA:131,0
DA:132,0
DA:136,0
DA:137,0
DA:141,0
DA:142,0
DA:143,0
DA:144,0
DA:148,0
DA:153,0
DA:155,0
DA:159,0
DA:160,0
DA:161,0
DA:163,0
DA:164,0
DA:168,0
DA:172,0
DA:173,0
DA:174,0
DA:176,0
DA:177,0
DA:181,0
DA:182,0
DA:196,0
DA:197,0
DA:201,0
DA:202,0
DA:206,0
DA:207,0
DA:208,0
DA:210,0
LF:69
LH:0
BRDA:21,1,0,0
BRDA:21,1,1,0
BRDA:35,2,0,0
BRDA:35,2,1,0
BRDA:61,3,0,0
BRDA:61,3,1,0
BRDA:85,4,0,0
BRDA:85,4,1,0
BRDA:86,5,0,0
BRDA:86,5,1,0
BRDA:87,6,0,0
BRDA:87,6,1,0
BRDA:96,7,0,0
BRDA:96,7,1,0
BRDA:116,8,0,0
BRDA:116,8,1,0
BRDA:117,9,0,0
BRDA:117,9,1,0
BRDA:117,10,0,0
BRDA:117,10,1,0
BRDA:119,11,0,0
BRDA:119,11,1,0
BRDA:141,12,0,0
BRDA:141,12,1,0
BRDA:148,13,0,0
BRDA:148,13,1,0
BRDA:153,14,0,0
BRDA:153,14,1,0
BRF:28
BRH:0
end_of_record
TN:
SF:/Users/orlandothefraser/Code/snapshot/sx-core/contracts/starknet/fossil/contracts/ethereum/mocks/StarknetCoreMock.sol
FN:9,sendMessageToL2
FN:17,consumeMessageFromL2
FNF:2
FNH:0
FNDA:0,sendMessageToL2
FNDA:0,consumeMessageFromL2
DA:14,0
DA:18,0
LF:2
LH:0
BRF:0
BRH:0
end_of_record
TN:
SF:/Users/orlandothefraser/Code/snapshot/sx-core/contracts/starknet/fossil/contracts/ethereum/test/TestFormatWords64.sol
FN:7,fromBytes32
FNF:1
FNH:0
FNDA:0,fromBytes32
DA:17,0
LF:1
LH:0
BRF:0
BRH:0
end_of_record
TN:
SF:/Users/orlandothefraser/Code/snapshot/sx-core/contracts/starknet/fossil/contracts/ethereum/test/TestTrieProofs.sol
FN:13,bytes2hex
FN:24,extractNibble
FN:30,decodeNibbles
FN:56,merklePatriciaCompactDecode
FN:79,sharedPrefixLength
FN:93,getNextHash
FN:102,verify
FNF:7
FNH:0
FNDA:0,bytes2hex
FNDA:0,extractNibble
FNDA:0,decodeNibbles
FNDA:0,merklePatriciaCompactDecode
FNDA:0,sharedPrefixLength
FNDA:0,getNextHash
FNDA:0,verify
DA:14,0
DA:15,0
DA:16,0
DA:17,0
DA:18,0
DA:19,0
DA:21,0
DA:25,0
DA:26,0
DA:27,0
DA:35,0
DA:37,0
DA:38,0
DA:39,0
DA:41,0
DA:42,0
DA:44,0
DA:45,0
DA:46,0
DA:48,0
DA:50,0
DA:53,0
DA:61,0
DA:62,0
DA:63,0
DA:64,0
DA:65,0
DA:67,0
DA:69,0
DA:71,0
DA:74,0
DA:76,0
DA:84,0
DA:85,0
DA:86,0
DA:87,0
DA:90,0
DA:94,0
DA:95,0
DA:97,0
DA:108,0
DA:109,0
DA:112,0
DA:114,0
DA:116,0
DA:117,0
DA:119,0
DA:120,0
DA:122,0
DA:124,0
DA:125,0
DA:128,0
DA:132,0
DA:134,0
DA:135,0
DA:137,0
DA:140,0
DA:143,0
DA:159,0
DA:160,0
DA:163,0
DA:164,0
DA:165,0
DA:168,0
DA:169,0
DA:170,0
DA:172,0
DA:177,0
DA:179,0
DA:181,0
DA:182,0
DA:184,0
DA:185,0
DA:188,0
DA:189,0
DA:192,0
DA:194,0
DA:195,0
DA:197,0
DA:200,0
DA:201,0
DA:203,0
DA:210,0
LF:83
LH:0
BRDA:18,1,0,0
BRDA:18,1,1,0
BRDA:19,2,0,0
BRDA:19,2,1,0
BRDA:25,3,0,0
BRDA:25,3,1,0
BRDA:26,4,0,0
BRDA:26,4,1,0
BRDA:35,5,0,0
BRDA:35,5,1,0
BRDA:38,6,0,0
BRDA:38,6,1,0
BRDA:45,7,0,0
BRDA:45,7,1,0
BRDA:61,8,0,0
BRDA:61,8,1,0
BRDA:64,9,0,0
BRDA:64,9,1,0
BRDA:66,10,0,0
BRDA:66,10,1,0
BRDA:68,11,0,0
BRDA:68,11,1,0
BRDA:70,12,0,0
BRDA:70,12,1,0
BRDA:86,13,0,0
BRDA:86,13,1,0
BRDA:95,14,0,0
BRDA:95,14,1,0
BRDA:122,15,0,0
BRDA:122,15,1,0
BRDA:124,16,0,0
BRDA:124,16,1,0
BRDA:134,17,0,0
BRDA:134,17,1,0
BRDA:135,18,0,0
BRDA:135,18,1,0
BRDA:137,19,0,0
BRDA:137,19,1,0
BRDA:143,20,0,0
BRDA:143,20,1,0
BRDA:163,21,0,0
BRDA:163,21,1,0
BRDA:164,22,0,0
BRDA:164,22,1,0
BRDA:169,23,0,0
BRDA:169,23,1,0
BRDA:177,24,0,0
BRDA:177,24,1,0
BRDA:179,25,0,0
BRDA:179,25,1,0
BRDA:181,26,0,0
BRDA:181,26,1,0
BRDA:188,27,0,0
BRDA:188,27,1,0
BRDA:192,28,0,0
BRDA:192,28,1,0
BRDA:200,29,0,0
BRDA:200,29,1,0
BRF:58
BRH:0
end_of_record
